{"name": "test_13_varify_add_to_cart_and_and_remove_from_cart_main_page", "status": "broken", "statusDetails": {"message": "selenium.common.exceptions.NoSuchWindowException: Message: no such window: target window already closed\nfrom unknown error: web view not found\n  (Session info: chrome=117.0.5938.63)\nStacktrace:\n\tGetHandleVerifier [0x00007FF67D0052A2+57122]\n\t(No symbol) [0x00007FF67CF7EA92]\n\t(No symbol) [0x00007FF67CE4E3AB]\n\t(No symbol) [0x00007FF67CE2E1B9]\n\t(No symbol) [0x00007FF67CEAB417]\n\t(No symbol) [0x00007FF67CEBE24F]\n\t(No symbol) [0x00007FF67CEA6DB3]\n\t(No symbol) [0x00007FF67CE7D2B1]\n\t(No symbol) [0x00007FF67CE7E494]\n\tGetHandleVerifier [0x00007FF67D2AEF82+2849794]\n\tGetHandleVerifier [0x00007FF67D301D24+3189156]\n\tGetHandleVerifier [0x00007FF67D2FACAF+3160367]\n\tGetHandleVerifier [0x00007FF67D096D06+653702]\n\t(No symbol) [0x00007FF67CF8A208]\n\t(No symbol) [0x00007FF67CF862C4]\n\t(No symbol) [0x00007FF67CF863F6]\n\t(No symbol) [0x00007FF67CF767A3]\n\tBaseThreadInitThunk [0x00007FFC1FB426AD+29]\n\tRtlUserThreadStart [0x00007FFC20B6AA68+40]", "trace": "self = <main.TestCases object at 0x0000019E10CDC590>\n\n    def test_13_varify_add_to_cart_and_and_remove_from_cart_main_page(self):\n        #  create object of HomePage, Cart classes\n        self.homepage = HomePage(self.driver)\n        self.cart = Cart(self.driver)\n        #  get total number of products for iterating, and adding to cart\n>       total_products_len = self.homepage.total_number_of_products()\n\nmain.py:208: \n_ _ _ _ _ _ _ _ _ _ _ _ _ _ _ _ _ _ _ _ _ _ _ _ _ _ _ _ _ _ _ _ _ _ _ _ _ _ _ _ _ _ _ _ _ _ _ _ _ _ _ _ _ _ _ _ _ _ _ _ _ _ _ _ _ _ _ _ _ _ _ _ _ _\nPages\\HomePage.py:17: in total_number_of_products\n    return len(self.get_all_products())\nPages\\HomePage.py:13: in get_all_products\n    products = self.driver.find_elements(By.CLASS_NAME, Locators.inventory_item_class_name)\n..\\..\\AppData\\Roaming\\Python\\Python311\\site-packages\\selenium\\webdriver\\remote\\webdriver.py:892: in find_elements\n    return self.execute(Command.FIND_ELEMENTS, {\"using\": by, \"value\": value})[\"value\"] or []\n..\\..\\AppData\\Roaming\\Python\\Python311\\site-packages\\selenium\\webdriver\\remote\\webdriver.py:444: in execute\n    self.error_handler.check_response(response)\n_ _ _ _ _ _ _ _ _ _ _ _ _ _ _ _ _ _ _ _ _ _ _ _ _ _ _ _ _ _ _ _ _ _ _ _ _ _ _ _ _ _ _ _ _ _ _ _ _ _ _ _ _ _ _ _ _ _ _ _ _ _ _ _ _ _ _ _ _ _ _ _ _ _\n\nself = <selenium.webdriver.remote.errorhandler.ErrorHandler object at 0x0000019E10799C50>\nresponse = {'status': 404, 'value': '{\"value\":{\"error\":\"no such window\",\"message\":\"no such window: target window already closed\\\\...07FF67CF767A3]\\\\n\\\\tBaseThreadInitThunk [0x00007FFC1FB426AD+29]\\\\n\\\\tRtlUserThreadStart [0x00007FFC20B6AA68+40]\\\\n\"}}'}\n\n    def check_response(self, response: Dict[str, Any]) -> None:\n        \"\"\"\n        Checks that a JSON response from the WebDriver does not have an error.\n    \n        :Args:\n         - response - The JSON response from the WebDriver server as a dictionary\n           object.\n    \n        :Raises: If the response contains an error message.\n        \"\"\"\n        status = response.get(\"status\", None)\n        if not status or status == ErrorCode.SUCCESS:\n            return\n        value = None\n        message = response.get(\"message\", \"\")\n        screen: str = response.get(\"screen\", \"\")\n        stacktrace = None\n        if isinstance(status, int):\n            value_json = response.get(\"value\", None)\n            if value_json and isinstance(value_json, str):\n                import json\n    \n                try:\n                    value = json.loads(value_json)\n                    if len(value.keys()) == 1:\n                        value = value[\"value\"]\n                    status = value.get(\"error\", None)\n                    if not status:\n                        status = value.get(\"status\", ErrorCode.UNKNOWN_ERROR)\n                        message = value.get(\"value\") or value.get(\"message\")\n                        if not isinstance(message, str):\n                            value = message\n                            message = message.get(\"message\")\n                    else:\n                        message = value.get(\"message\", None)\n                except ValueError:\n                    pass\n    \n        exception_class: Type[WebDriverException]\n        if status in ErrorCode.NO_SUCH_ELEMENT:\n            exception_class = NoSuchElementException\n        elif status in ErrorCode.NO_SUCH_FRAME:\n            exception_class = NoSuchFrameException\n        elif status in ErrorCode.NO_SUCH_SHADOW_ROOT:\n            exception_class = NoSuchShadowRootException\n        elif status in ErrorCode.NO_SUCH_WINDOW:\n            exception_class = NoSuchWindowException\n        elif status in ErrorCode.STALE_ELEMENT_REFERENCE:\n            exception_class = StaleElementReferenceException\n        elif status in ErrorCode.ELEMENT_NOT_VISIBLE:\n            exception_class = ElementNotVisibleException\n        elif status in ErrorCode.INVALID_ELEMENT_STATE:\n            exception_class = InvalidElementStateException\n        elif (\n            status in ErrorCode.INVALID_SELECTOR\n            or status in ErrorCode.INVALID_XPATH_SELECTOR\n            or status in ErrorCode.INVALID_XPATH_SELECTOR_RETURN_TYPER\n        ):\n            exception_class = InvalidSelectorException\n        elif status in ErrorCode.ELEMENT_IS_NOT_SELECTABLE:\n            exception_class = ElementNotSelectableException\n        elif status in ErrorCode.ELEMENT_NOT_INTERACTABLE:\n            exception_class = ElementNotInteractableException\n        elif status in ErrorCode.INVALID_COOKIE_DOMAIN:\n            exception_class = InvalidCookieDomainException\n        elif status in ErrorCode.UNABLE_TO_SET_COOKIE:\n            exception_class = UnableToSetCookieException\n        elif status in ErrorCode.TIMEOUT:\n            exception_class = TimeoutException\n        elif status in ErrorCode.SCRIPT_TIMEOUT:\n            exception_class = TimeoutException\n        elif status in ErrorCode.UNKNOWN_ERROR:\n            exception_class = WebDriverException\n        elif status in ErrorCode.UNEXPECTED_ALERT_OPEN:\n            exception_class = UnexpectedAlertPresentException\n        elif status in ErrorCode.NO_ALERT_OPEN:\n            exception_class = NoAlertPresentException\n        elif status in ErrorCode.IME_NOT_AVAILABLE:\n            exception_class = ImeNotAvailableException\n        elif status in ErrorCode.IME_ENGINE_ACTIVATION_FAILED:\n            exception_class = ImeActivationFailedException\n        elif status in ErrorCode.MOVE_TARGET_OUT_OF_BOUNDS:\n            exception_class = MoveTargetOutOfBoundsException\n        elif status in ErrorCode.JAVASCRIPT_ERROR:\n            exception_class = JavascriptException\n        elif status in ErrorCode.SESSION_NOT_CREATED:\n            exception_class = SessionNotCreatedException\n        elif status in ErrorCode.INVALID_ARGUMENT:\n            exception_class = InvalidArgumentException\n        elif status in ErrorCode.NO_SUCH_COOKIE:\n            exception_class = NoSuchCookieException\n        elif status in ErrorCode.UNABLE_TO_CAPTURE_SCREEN:\n            exception_class = ScreenshotException\n        elif status in ErrorCode.ELEMENT_CLICK_INTERCEPTED:\n            exception_class = ElementClickInterceptedException\n        elif status in ErrorCode.INSECURE_CERTIFICATE:\n            exception_class = InsecureCertificateException\n        elif status in ErrorCode.INVALID_COORDINATES:\n            exception_class = InvalidCoordinatesException\n        elif status in ErrorCode.INVALID_SESSION_ID:\n            exception_class = InvalidSessionIdException\n        elif status in ErrorCode.UNKNOWN_METHOD:\n            exception_class = UnknownMethodException\n        else:\n            exception_class = WebDriverException\n        if not value:\n            value = response[\"value\"]\n        if isinstance(value, str):\n            raise exception_class(value)\n        if message == \"\" and \"message\" in value:\n            message = value[\"message\"]\n    \n        screen = None  # type: ignore[assignment]\n        if \"screen\" in value:\n            screen = value[\"screen\"]\n    \n        stacktrace = None\n        st_value = value.get(\"stackTrace\") or value.get(\"stacktrace\")\n        if st_value:\n            if isinstance(st_value, str):\n                stacktrace = st_value.split(\"\\n\")\n            else:\n                stacktrace = []\n                try:\n                    for frame in st_value:\n                        line = frame.get(\"lineNumber\", \"\")\n                        file = frame.get(\"fileName\", \"<anonymous>\")\n                        if line:\n                            file = f\"{file}:{line}\"\n                        meth = frame.get(\"methodName\", \"<anonymous>\")\n                        if \"className\" in frame:\n                            meth = \"{}.{}\".format(frame[\"className\"], meth)\n                        msg = \"    at %s (%s)\"\n                        msg = msg % (meth, file)\n                        stacktrace.append(msg)\n                except TypeError:\n                    pass\n        if exception_class == UnexpectedAlertPresentException:\n            alert_text = None\n            if \"data\" in value:\n                alert_text = value[\"data\"].get(\"text\")\n            elif \"alert\" in value:\n                alert_text = value[\"alert\"].get(\"text\")\n            raise exception_class(message, screen, stacktrace, alert_text)  # type: ignore[call-arg]  # mypy is not smart enough here\n>       raise exception_class(message, screen, stacktrace)\nE       selenium.common.exceptions.NoSuchWindowException: Message: no such window: target window already closed\nE       from unknown error: web view not found\nE         (Session info: chrome=117.0.5938.63)\nE       Stacktrace:\nE       \tGetHandleVerifier [0x00007FF67D0052A2+57122]\nE       \t(No symbol) [0x00007FF67CF7EA92]\nE       \t(No symbol) [0x00007FF67CE4E3AB]\nE       \t(No symbol) [0x00007FF67CE2E1B9]\nE       \t(No symbol) [0x00007FF67CEAB417]\nE       \t(No symbol) [0x00007FF67CEBE24F]\nE       \t(No symbol) [0x00007FF67CEA6DB3]\nE       \t(No symbol) [0x00007FF67CE7D2B1]\nE       \t(No symbol) [0x00007FF67CE7E494]\nE       \tGetHandleVerifier [0x00007FF67D2AEF82+2849794]\nE       \tGetHandleVerifier [0x00007FF67D301D24+3189156]\nE       \tGetHandleVerifier [0x00007FF67D2FACAF+3160367]\nE       \tGetHandleVerifier [0x00007FF67D096D06+653702]\nE       \t(No symbol) [0x00007FF67CF8A208]\nE       \t(No symbol) [0x00007FF67CF862C4]\nE       \t(No symbol) [0x00007FF67CF863F6]\nE       \t(No symbol) [0x00007FF67CF767A3]\nE       \tBaseThreadInitThunk [0x00007FFC1FB426AD+29]\nE       \tRtlUserThreadStart [0x00007FFC20B6AA68+40]\n\n..\\..\\AppData\\Roaming\\Python\\Python311\\site-packages\\selenium\\webdriver\\remote\\errorhandler.py:249: NoSuchWindowException"}, "start": 1695281073433, "stop": 1695281073435, "uuid": "b4869913-d200-40aa-9b29-667b66831030", "historyId": "aee4b59027a6e5cc28d411988c805b3c", "testCaseId": "aee4b59027a6e5cc28d411988c805b3c", "fullName": "main.TestCases#test_13_varify_add_to_cart_and_and_remove_from_cart_main_page", "labels": [{"name": "suite", "value": "main"}, {"name": "subSuite", "value": "TestCases"}, {"name": "host", "value": "TCL5CD241DL2B"}, {"name": "thread", "value": "13768-MainThread"}, {"name": "framework", "value": "pytest"}, {"name": "language", "value": "cpython3"}, {"name": "package", "value": "main"}]}